<?xml version="1.0" encoding="UTF-8"?>
<!-- Generated by org.testng.reporters.JUnitReportReporter -->
<testsuite hostname="CXWINLT054" failures="0" tests="1" name="com.lumaproject.testcases.Signintest" time="10.474" errors="0" timestamp="2023-07-17T15:00:22 IST" skipped="0">
  <testcase classname="com.lumaproject.testcases.Signintest" name="signin" time="10.474"/>
  <system-out/>
</testsuite> <!-- com.lumaproject.testcases.Signintest -->
